<?xml version="1.0" encoding="UTF-8"?>
<!-- Generated by org.testng.reporters.JUnitReportReporter -->
<testsuite hostname="ViFam" failures="0" tests="1" name="contacts.CreateContactWithOrgTest" time="74.632" errors="0" timestamp="2025-08-18T14:43:57 IST" skipped="0">
  <testcase classname="contacts.CreateContactWithOrgTest" name="createContWithOrg" time="74.632"/>
</testsuite> <!-- contacts.CreateContactWithOrgTest -->
