<?xml version="1.0" encoding="UTF-8"?>
<!-- Generated by org.testng.reporters.JUnitReportReporter -->
<testsuite hostname="ViFam" failures="0" tests="1" name="contacts.CreateContactWithSupportDateTest" time="73.031" errors="0" timestamp="2025-08-18T14:51:20 IST" skipped="0">
  <testcase classname="contacts.CreateContactWithSupportDateTest" name="createContactwithDate" time="73.031">
    <system-out>
      <![CDATA[Dates are Matching
Dates are Matching]]>
    </system-out>
  </testcase> <!-- createContactwithDate -->
  <system-out>
    <![CDATA[Dates are Matching
Dates are Matching]]>
  </system-out>
</testsuite> <!-- contacts.CreateContactWithSupportDateTest -->
