<?xml version="1.0" encoding="UTF-8"?>
<!-- Generated by org.testng.reporters.JUnitReportReporter -->
<testsuite hostname="ViFam" failures="0" tests="1" name="genericUtility.JavaUtility" time="0.075" errors="0" timestamp="2025-08-07T16:07:32 IST" skipped="0">
  <testcase classname="genericUtility.JavaUtility" name="randomNumb" time="0.075"/>
</testsuite> <!-- genericUtility.JavaUtility -->
