<?xml version="1.0" encoding="UTF-8"?>
<!-- Generated by org.testng.reporters.JUnitReportReporter -->
<testsuite hostname="ViFam" failures="0" tests="3" name="contacts.CreateContactsTest" time="152.310" errors="0" timestamp="2025-08-19T15:01:50 IST" skipped="0">
  <testcase classname="contacts.CreateContactsTest" name="createContactTest" time="47.272"/>
  <testcase classname="contacts.CreateContactsTest" name="createContWithOrgTest" time="64.993">
    <system-out>
      <![CDATA[createContWithOrgTest Test started]]>
    </system-out>
  </testcase> <!-- createContWithOrgTest -->
  <testcase classname="contacts.CreateContactsTest" name="createContactwithDateTest" time="40.045">
    <system-out>
      <![CDATA[createContactwithDateTest Test started]]>
    </system-out>
  </testcase> <!-- createContactwithDateTest -->
  <system-out>
    <![CDATA[createContWithOrgTest Test started
createContactwithDateTest Test started]]>
  </system-out>
</testsuite> <!-- contacts.CreateContactsTest -->
