<?xml version="1.0" encoding="UTF-8"?>
<!-- Generated by org.testng.reporters.JUnitReportReporter -->
<testsuite hostname="ViFam" failures="0" tests="1" name="organization.CreateOrgWithPhoneNoTest" time="82.897" errors="0" timestamp="2025-08-18T15:03:15 IST" skipped="0">
  <testcase classname="organization.CreateOrgWithPhoneNoTest" name="createOrgWithPhone" time="82.897"/>
</testsuite> <!-- organization.CreateOrgWithPhoneNoTest -->
