<?xml version="1.0" encoding="UTF-8"?>
<!-- Generated by org.testng.reporters.JUnitReportReporter -->
<testsuite hostname="ViFam" failures="0" tests="1" name="organization.CreateOrgWithIndustryTypeTest" time="78.570" errors="0" timestamp="2025-08-18T15:00:57 IST" skipped="0">
  <testcase classname="organization.CreateOrgWithIndustryTypeTest" name="createOrgWithIndType" time="78.570"/>
</testsuite> <!-- organization.CreateOrgWithIndustryTypeTest -->
