<?xml version="1.0" encoding="UTF-8"?>
<!-- Generated by org.testng.reporters.JUnitReportReporter -->
<testsuite hostname="ViFam" failures="0" tests="1" name="product.CreateProductWithSalesDateTest" time="59.795" errors="0" timestamp="2025-08-11T14:39:49 IST" skipped="0">
  <testcase classname="product.CreateProductWithSalesDateTest" name="createProductWithDate" time="59.795"/>
  <system-out>
    <![CDATA[Dates are Matching
Dates are Matching]]>
  </system-out>
</testsuite> <!-- product.CreateProductWithSalesDateTest -->
