<?xml version="1.0" encoding="UTF-8"?>
<!-- Generated by org.testng.reporters.JUnitReportReporter -->
<testsuite hostname="ViFam" failures="0" tests="1" name="product.CreateProductTest" time="48.588" errors="0" timestamp="2025-08-11T14:39:49 IST" skipped="0">
  <testcase classname="product.CreateProductTest" name="createProduct" time="48.588"/>
  <system-out>
    <![CDATA[Dates are Matching
Dates are Matching]]>
  </system-out>
</testsuite> <!-- product.CreateProductTest -->
