<?xml version="1.0" encoding="UTF-8"?>
<!-- Generated by org.testng.reporters.JUnitReportReporter -->
<testsuite hostname="ViFam" failures="0" tests="1" name="organization.CreateOrganization" time="14.613" errors="0" timestamp="2025-08-07T15:17:13 IST" skipped="0">
  <testcase classname="organization.CreateOrganization" name="createOrg" time="14.613"/>
</testsuite> <!-- organization.CreateOrganization -->
