<?xml version="1.0" encoding="UTF-8"?>
<!-- Generated by org.testng.reporters.JUnitReportReporter -->
<testsuite hostname="ViFam" failures="0" tests="1" name="organization.CreateOrgWithPhoneNo" time="82.940" errors="0" timestamp="2025-08-07T17:07:03 IST" skipped="0">
  <testcase classname="organization.CreateOrgWithPhoneNo" name="createOrgWithPhone" time="82.940"/>
</testsuite> <!-- organization.CreateOrgWithPhoneNo -->
