<?xml version="1.0" encoding="UTF-8"?>
<!-- Generated by org.testng.reporters.JUnitReportReporter -->
<testsuite hostname="ViFam" failures="0" tests="1" name="database.ConnectToDB" time="17.508" errors="0" timestamp="2025-08-12T16:19:05 IST" skipped="0">
  <testcase classname="database.ConnectToDB" name="connectToDB" time="17.508"/>
</testsuite> <!-- database.ConnectToDB -->
